<?xml version="1.0" encoding="UTF-8"?>
<!-- Generated by org.testng.reporters.JUnitReportReporter -->
<testsuite hostname="LPNaneesha" failures="0" tests="1" name="test.ViewHeatMapPage_testng" time="26.702" errors="0" timestamp="2021-07-26T02:24:04 IST" skipped="0">
  <testcase classname="test.ViewHeatMapPage_testng" name="viewHeatMapTest" time="26.702"/>
  <system-out/>
</testsuite> <!-- test.ViewHeatMapPage_testng -->
